<?xml version="1.0" encoding="UTF-8"?>
<!-- Generated by org.testng.reporters.JUnitXMLReporter -->
<testsuite ignored="0" hostname="ndi-mb-199" failures="0" tests="7" name="Accounts Page Test" time="28.666" errors="0" timestamp="2023-09-26T11:25:52 IST">
  <testcase classname="com.qa.opencart.tests.AccountsPageTest" name="searchTest" time="4.409"/>
  <testcase classname="com.qa.opencart.tests.RegisterPageTest" name="userRegisterTest" time="5.825"/>
  <testcase classname="com.qa.opencart.tests.AccountsPageTest" name="searchTest" time="2.415"/>
  <testcase classname="com.qa.opencart.tests.ProductInfoTest" name="productHeaderTest" time="4.235"/>
  <testcase classname="com.qa.opencart.tests.AccountsPageTest" name="searchTest" time="2.423"/>
  <testcase classname="com.qa.opencart.tests.ProductInfoTest" name="productHeaderTest" time="2.984"/>
  <testcase classname="com.qa.opencart.tests.RegisterPageTest" name="userRegisterTest" time="6.421"/>
</testsuite> <!-- Accounts Page Test -->
