<?xml version="1.0" encoding="UTF-8"?>
<!-- Generated by org.testng.reporters.JUnitXMLReporter -->
<testsuite ignored="0" hostname="ndi-mb-199" failures="0" tests="6" name="ProductInfo Page Test" time="59.956" errors="0" timestamp="2023-09-26T11:30:26 IST">
  <testcase classname="com.qa.opencart.tests.ProductInfoTest" name="productImagesCountTest" time="2.419"/>
  <testcase classname="com.qa.opencart.tests.ProductInfoTest" name="productImagesCountTest" time="2.967"/>
  <testcase classname="com.qa.opencart.tests.ProductInfoTest" name="productImagesCountTest" time="2.026"/>
  <testcase classname="com.qa.opencart.tests.ProductInfoTest" name="productImagesCountTest" time="2.774"/>
  <testcase classname="com.qa.opencart.tests.ProductInfoTest" name="productImagesCountTest" time="2.696"/>
  <testcase classname="com.qa.opencart.tests.ProductInfoTest" name="productInfoTest" time="3.011"/>
</testsuite> <!-- ProductInfo Page Test -->
